<?xml version="1.0" encoding="UTF-8"?>
<!-- Generated by org.testng.reporters.JUnitXMLReporter -->
<testsuite hostname="LAPTOP-QG656GQD" ignored="0" name="Selenium Test Cases" tests="5" failures="0" timestamp="2022-05-21T17:31:33 IST" time="46.451" errors="0">
  <testcase name="footerComp" time="4.062" classname="tests.ExtentReportDemo_TestNG"/>
  <testcase name="clickShopByCatComp" time="13.731" classname="Testng_Demo2"/>
  <testcase name="searchTest" time="20.371" classname="tests.Testng_Demo1"/>
  <testcase name="searchTest" time="16.881" classname="tests.ExtentReportDemo_TestNG"/>
  <testcase name="shopByCatComp" time="0.032" classname="tests.ExtentReportDemo_TestNG"/>
</testsuite> <!-- Selenium Test Cases -->
